<?xml version="1.0" encoding="UTF-8"?>
<robot generator="Robot 4.0.1 (Python 3.9.4 on win32)" generated="20210417 19:38:24.628" rpa="false" schemaversion="2">
<suite id="s1" name="Trucos" source="C:\Users\monta\OneDrive\Escritorio\Arrays y loops\Udemycurso\trucos.robot">
<test id="s1-t1" name="C001 Ir al blog de Winston Castillo">
<kw name="Abrir pagina principal" library="recursos">
<kw name="Open Browser" library="SeleniumLibrary">
<arg>${URL}</arg>
<arg>${navegador}</arg>
<doc>Opens a new browser instance to the optional ``url``.</doc>
<msg timestamp="20210417 19:38:24.924" level="INFO">Opening browser 'chrome' to base url 'http://www.winstoncastillo.com/udemy'.</msg>
<status status="PASS" starttime="20210417 19:38:24.924" endtime="20210417 19:38:30.261"/>
</kw>
<status status="PASS" starttime="20210417 19:38:24.923" endtime="20210417 19:38:30.262"/>
</kw>
<kw name="Title Should Be" library="SeleniumLibrary">
<arg>Hola Mundo!</arg>
<doc>Verifies that the current page title equals ``title``.</doc>
<msg timestamp="20210417 19:38:30.278" level="INFO">Page title is 'Hola Mundo!'.</msg>
<status status="PASS" starttime="20210417 19:38:30.268" endtime="20210417 19:38:30.278"/>
</kw>
<kw name="Set Focus To Element" library="SeleniumLibrary">
<arg>xpath=/html/body/div[1]/div/div[2]/a[1]</arg>
<doc>Sets the focus to the element identified by ``locator``.</doc>
<status status="PASS" starttime="20210417 19:38:30.283" endtime="20210417 19:38:30.319"/>
</kw>
<kw name="Click Link" library="SeleniumLibrary">
<arg>xpath=/html/body/div[1]/div/div[2]/a[1]</arg>
<doc>Clicks a link identified by ``locator``.</doc>
<msg timestamp="20210417 19:38:30.320" level="INFO">Clicking link 'xpath=/html/body/div[1]/div/div[2]/a[1]'.</msg>
<status status="PASS" starttime="20210417 19:38:30.320" endtime="20210417 19:38:34.198"/>
</kw>
<kw name="Wait Until Element Is Visible" library="SeleniumLibrary">
<arg>xpath=/html/body/div/div[2]</arg>
<doc>Waits until the element ``locator`` is visible.</doc>
<status status="PASS" starttime="20210417 19:38:34.198" endtime="20210417 19:38:34.232"/>
</kw>
<kw name="Title Should Be" library="SeleniumLibrary">
<arg>Winston Castillo – Un sitio para comunicarse</arg>
<doc>Verifies that the current page title equals ``title``.</doc>
<msg timestamp="20210417 19:38:34.239" level="INFO">Page title is 'Winston Castillo – Un sitio para comunicarse'.</msg>
<status status="PASS" starttime="20210417 19:38:34.233" endtime="20210417 19:38:34.239"/>
</kw>
<kw name="Close Browser" library="SeleniumLibrary">
<doc>Closes the current browser.</doc>
<status status="PASS" starttime="20210417 19:38:34.240" endtime="20210417 19:38:36.484"/>
</kw>
<status status="PASS" starttime="20210417 19:38:24.922" endtime="20210417 19:38:36.485"/>
</test>
<test id="s1-t2" name="C002 Abrir Pestaña modal">
<kw name="Abrir pagina principal" library="recursos">
<kw name="Open Browser" library="SeleniumLibrary">
<arg>${URL}</arg>
<arg>${navegador}</arg>
<doc>Opens a new browser instance to the optional ``url``.</doc>
<msg timestamp="20210417 19:38:36.491" level="INFO">Opening browser 'chrome' to base url 'http://www.winstoncastillo.com/udemy'.</msg>
<status status="PASS" starttime="20210417 19:38:36.490" endtime="20210417 19:38:39.683"/>
</kw>
<status status="PASS" starttime="20210417 19:38:36.489" endtime="20210417 19:38:39.683"/>
</kw>
<kw name="Title Should Be" library="SeleniumLibrary">
<arg>Hola Mundo!</arg>
<doc>Verifies that the current page title equals ``title``.</doc>
<msg timestamp="20210417 19:38:39.689" level="INFO">Page title is 'Hola Mundo!'.</msg>
<status status="PASS" starttime="20210417 19:38:39.684" endtime="20210417 19:38:39.689"/>
</kw>
<kw name="Set Focus To Element" library="SeleniumLibrary">
<arg>xpath=/html/body/div[1]/div/div[2]/a[2]</arg>
<doc>Sets the focus to the element identified by ``locator``.</doc>
<status status="PASS" starttime="20210417 19:38:39.691" endtime="20210417 19:38:39.724"/>
</kw>
<kw name="Click Link" library="SeleniumLibrary">
<arg>xpath=/html/body/div[1]/div/div[2]/a[2]</arg>
<doc>Clicks a link identified by ``locator``.</doc>
<msg timestamp="20210417 19:38:39.727" level="INFO">Clicking link 'xpath=/html/body/div[1]/div/div[2]/a[2]'.</msg>
<status status="PASS" starttime="20210417 19:38:39.727" endtime="20210417 19:38:39.790"/>
</kw>
<kw name="Wait Until Element Is Visible" library="SeleniumLibrary">
<arg>xpath=//*[@id="exampleModalLabel"]</arg>
<doc>Waits until the element ``locator`` is visible.</doc>
<status status="PASS" starttime="20210417 19:38:39.791" endtime="20210417 19:38:40.051"/>
</kw>
<kw name="Close Browser" library="SeleniumLibrary">
<doc>Closes the current browser.</doc>
<status status="PASS" starttime="20210417 19:38:40.051" endtime="20210417 19:38:42.261"/>
</kw>
<status status="PASS" starttime="20210417 19:38:36.488" endtime="20210417 19:38:42.262"/>
</test>
<status status="PASS" starttime="20210417 19:38:24.631" endtime="20210417 19:38:42.266"/>
</suite>
<statistics>
<total>
<stat pass="2" fail="0" skip="0">All Tests</stat>
</total>
<tag>
</tag>
<suite>
<stat pass="2" fail="0" skip="0" id="s1" name="Trucos">Trucos</stat>
</suite>
</statistics>
<errors>
</errors>
</robot>
