<?xml version="1.0" encoding="UTF-8"?>
<robot generator="Robot 4.0.1 (Python 3.9.4 on win32)" generated="20210411 20:20:49.643" rpa="false" schemaversion="2">
<suite id="s1" name="Selenium-autmation" source="C:\Users\monta\OneDrive\Escritorio\Arrays y loops\Selenium-autmation.robot">
<test id="s1-t1" name="C001 Hacer Click en Contenedores">
<kw name="Open Homepage">
<kw name="Open Browser" library="SeleniumLibrary">
<arg>${testurl}</arg>
<arg>${navegador}</arg>
<doc>Opens a new browser instance to the optional ``url``.</doc>
<msg timestamp="20210411 20:20:50.134" level="INFO">Opening browser 'chrome' to base url 'http://automationpractice.com/index.php'.</msg>
<status status="PASS" starttime="20210411 20:20:50.134" endtime="20210411 20:20:59.981"/>
</kw>
<status status="PASS" starttime="20210411 20:20:50.134" endtime="20210411 20:20:59.981"/>
</kw>
<kw name="Set Global Variable" library="BuiltIn">
<arg>@{nombredecontenedores}</arg>
<arg>//*[@id="homefeatured"]/li[1]/div/div[2]/h5/a</arg>
<arg>//*[@id="homefeatured"]/li[2]/div/div[2]/h5/a</arg>
<arg>//*[@id="homefeatured"]/li[3]/div/div[2]/h5/a</arg>
<arg>//*[@id="homefeatured"]/li[4]/div/div[2]/h5/a</arg>
<arg>//*[@id="homefeatured"]/li[5]/div/div[2]/h5/a</arg>
<arg>//*[@id="homefeatured"]/li[6]/div/div[2]/h5/a</arg>
<arg>//*[@id="homefeatured"]/li[7]/div/div[2]/h5/a</arg>
<doc>Makes a variable available globally in all tests and suites.</doc>
<msg timestamp="20210411 20:20:59.986" level="INFO">@{nombredecontenedores} = [ //*[@id="homefeatured"]/li[1]/div/div[2]/h5/a | //*[@id="homefeatured"]/li[2]/div/div[2]/h5/a | //*[@id="homefeatured"]/li[3]/div/div[2]/h5/a | //*[@id="homefeatured"]/li[4]/div/div[2]/h5/a | //*[@i...</msg>
<status status="PASS" starttime="20210411 20:20:59.982" endtime="20210411 20:20:59.986"/>
</kw>
<for flavor="IN">
<var>${nombredecontenedor}</var>
<value>@{nombredecontenedores}</value>
<iter>
<var name="${nombredecontenedor}">//*[@id="homefeatured"]/li[1]/div/div[2]/h5/a</var>
<kw name="Click Element" library="SeleniumLibrary">
<arg>xpath=${nombredecontenedor}</arg>
<doc>Click the element identified by ``locator``.</doc>
<msg timestamp="20210411 20:20:59.991" level="INFO">Clicking element 'xpath=//*[@id="homefeatured"]/li[1]/div/div[2]/h5/a'.</msg>
<status status="PASS" starttime="20210411 20:20:59.988" endtime="20210411 20:21:01.803"/>
</kw>
<kw name="Wait Until Element Is Visible" library="SeleniumLibrary">
<arg>xpath=/html/body/div/div[2]/div/div[3]/div/div/div/div[2]/div[1]/span/img</arg>
<doc>Waits until the element ``locator`` is visible.</doc>
<status status="PASS" starttime="20210411 20:21:01.803" endtime="20210411 20:21:01.853"/>
</kw>
<kw name="Click Element" library="SeleniumLibrary">
<arg>xpath=//*[@id="header_logo"]/a/img</arg>
<doc>Click the element identified by ``locator``.</doc>
<msg timestamp="20210411 20:21:01.853" level="INFO">Clicking element 'xpath=//*[@id="header_logo"]/a/img'.</msg>
<status status="PASS" starttime="20210411 20:21:01.853" endtime="20210411 20:21:04.232"/>
</kw>
<status status="PASS" starttime="20210411 20:20:59.988" endtime="20210411 20:21:04.232"/>
</iter>
<iter>
<var name="${nombredecontenedor}">//*[@id="homefeatured"]/li[2]/div/div[2]/h5/a</var>
<kw name="Click Element" library="SeleniumLibrary">
<arg>xpath=${nombredecontenedor}</arg>
<doc>Click the element identified by ``locator``.</doc>
<msg timestamp="20210411 20:21:04.233" level="INFO">Clicking element 'xpath=//*[@id="homefeatured"]/li[2]/div/div[2]/h5/a'.</msg>
<status status="PASS" starttime="20210411 20:21:04.233" endtime="20210411 20:21:05.777"/>
</kw>
<kw name="Wait Until Element Is Visible" library="SeleniumLibrary">
<arg>xpath=/html/body/div/div[2]/div/div[3]/div/div/div/div[2]/div[1]/span/img</arg>
<doc>Waits until the element ``locator`` is visible.</doc>
<status status="PASS" starttime="20210411 20:21:05.779" endtime="20210411 20:21:05.812"/>
</kw>
<kw name="Click Element" library="SeleniumLibrary">
<arg>xpath=//*[@id="header_logo"]/a/img</arg>
<doc>Click the element identified by ``locator``.</doc>
<msg timestamp="20210411 20:21:05.813" level="INFO">Clicking element 'xpath=//*[@id="header_logo"]/a/img'.</msg>
<status status="PASS" starttime="20210411 20:21:05.812" endtime="20210411 20:21:08.277"/>
</kw>
<status status="PASS" starttime="20210411 20:21:04.232" endtime="20210411 20:21:08.277"/>
</iter>
<iter>
<var name="${nombredecontenedor}">//*[@id="homefeatured"]/li[3]/div/div[2]/h5/a</var>
<kw name="Click Element" library="SeleniumLibrary">
<arg>xpath=${nombredecontenedor}</arg>
<doc>Click the element identified by ``locator``.</doc>
<msg timestamp="20210411 20:21:08.279" level="INFO">Clicking element 'xpath=//*[@id="homefeatured"]/li[3]/div/div[2]/h5/a'.</msg>
<status status="PASS" starttime="20210411 20:21:08.278" endtime="20210411 20:21:09.575"/>
</kw>
<kw name="Wait Until Element Is Visible" library="SeleniumLibrary">
<arg>xpath=/html/body/div/div[2]/div/div[3]/div/div/div/div[2]/div[1]/span/img</arg>
<doc>Waits until the element ``locator`` is visible.</doc>
<status status="PASS" starttime="20210411 20:21:09.575" endtime="20210411 20:21:09.609"/>
</kw>
<kw name="Click Element" library="SeleniumLibrary">
<arg>xpath=//*[@id="header_logo"]/a/img</arg>
<doc>Click the element identified by ``locator``.</doc>
<msg timestamp="20210411 20:21:09.609" level="INFO">Clicking element 'xpath=//*[@id="header_logo"]/a/img'.</msg>
<status status="PASS" starttime="20210411 20:21:09.609" endtime="20210411 20:21:11.518"/>
</kw>
<status status="PASS" starttime="20210411 20:21:08.277" endtime="20210411 20:21:11.518"/>
</iter>
<iter>
<var name="${nombredecontenedor}">//*[@id="homefeatured"]/li[4]/div/div[2]/h5/a</var>
<kw name="Click Element" library="SeleniumLibrary">
<arg>xpath=${nombredecontenedor}</arg>
<doc>Click the element identified by ``locator``.</doc>
<msg timestamp="20210411 20:21:11.520" level="INFO">Clicking element 'xpath=//*[@id="homefeatured"]/li[4]/div/div[2]/h5/a'.</msg>
<status status="PASS" starttime="20210411 20:21:11.519" endtime="20210411 20:21:13.185"/>
</kw>
<kw name="Wait Until Element Is Visible" library="SeleniumLibrary">
<arg>xpath=/html/body/div/div[2]/div/div[3]/div/div/div/div[2]/div[1]/span/img</arg>
<doc>Waits until the element ``locator`` is visible.</doc>
<status status="PASS" starttime="20210411 20:21:13.186" endtime="20210411 20:21:13.215"/>
</kw>
<kw name="Click Element" library="SeleniumLibrary">
<arg>xpath=//*[@id="header_logo"]/a/img</arg>
<doc>Click the element identified by ``locator``.</doc>
<msg timestamp="20210411 20:21:13.216" level="INFO">Clicking element 'xpath=//*[@id="header_logo"]/a/img'.</msg>
<status status="PASS" starttime="20210411 20:21:13.215" endtime="20210411 20:21:15.839"/>
</kw>
<status status="PASS" starttime="20210411 20:21:11.518" endtime="20210411 20:21:15.839"/>
</iter>
<iter>
<var name="${nombredecontenedor}">//*[@id="homefeatured"]/li[5]/div/div[2]/h5/a</var>
<kw name="Click Element" library="SeleniumLibrary">
<arg>xpath=${nombredecontenedor}</arg>
<doc>Click the element identified by ``locator``.</doc>
<msg timestamp="20210411 20:21:15.841" level="INFO">Clicking element 'xpath=//*[@id="homefeatured"]/li[5]/div/div[2]/h5/a'.</msg>
<status status="PASS" starttime="20210411 20:21:15.840" endtime="20210411 20:21:18.075"/>
</kw>
<kw name="Wait Until Element Is Visible" library="SeleniumLibrary">
<arg>xpath=/html/body/div/div[2]/div/div[3]/div/div/div/div[2]/div[1]/span/img</arg>
<doc>Waits until the element ``locator`` is visible.</doc>
<status status="PASS" starttime="20210411 20:21:18.076" endtime="20210411 20:21:18.118"/>
</kw>
<kw name="Click Element" library="SeleniumLibrary">
<arg>xpath=//*[@id="header_logo"]/a/img</arg>
<doc>Click the element identified by ``locator``.</doc>
<msg timestamp="20210411 20:21:18.119" level="INFO">Clicking element 'xpath=//*[@id="header_logo"]/a/img'.</msg>
<status status="PASS" starttime="20210411 20:21:18.118" endtime="20210411 20:21:20.347"/>
</kw>
<status status="PASS" starttime="20210411 20:21:15.840" endtime="20210411 20:21:20.347"/>
</iter>
<iter>
<var name="${nombredecontenedor}">//*[@id="homefeatured"]/li[6]/div/div[2]/h5/a</var>
<kw name="Click Element" library="SeleniumLibrary">
<arg>xpath=${nombredecontenedor}</arg>
<doc>Click the element identified by ``locator``.</doc>
<msg timestamp="20210411 20:21:20.348" level="INFO">Clicking element 'xpath=//*[@id="homefeatured"]/li[6]/div/div[2]/h5/a'.</msg>
<status status="PASS" starttime="20210411 20:21:20.347" endtime="20210411 20:21:22.215"/>
</kw>
<kw name="Wait Until Element Is Visible" library="SeleniumLibrary">
<arg>xpath=/html/body/div/div[2]/div/div[3]/div/div/div/div[2]/div[1]/span/img</arg>
<doc>Waits until the element ``locator`` is visible.</doc>
<status status="PASS" starttime="20210411 20:21:22.215" endtime="20210411 20:21:22.244"/>
</kw>
<kw name="Click Element" library="SeleniumLibrary">
<arg>xpath=//*[@id="header_logo"]/a/img</arg>
<doc>Click the element identified by ``locator``.</doc>
<msg timestamp="20210411 20:21:22.245" level="INFO">Clicking element 'xpath=//*[@id="header_logo"]/a/img'.</msg>
<status status="PASS" starttime="20210411 20:21:22.245" endtime="20210411 20:21:24.525"/>
</kw>
<status status="PASS" starttime="20210411 20:21:20.347" endtime="20210411 20:21:24.525"/>
</iter>
<iter>
<var name="${nombredecontenedor}">//*[@id="homefeatured"]/li[7]/div/div[2]/h5/a</var>
<kw name="Click Element" library="SeleniumLibrary">
<arg>xpath=${nombredecontenedor}</arg>
<doc>Click the element identified by ``locator``.</doc>
<msg timestamp="20210411 20:21:24.526" level="INFO">Clicking element 'xpath=//*[@id="homefeatured"]/li[7]/div/div[2]/h5/a'.</msg>
<status status="PASS" starttime="20210411 20:21:24.526" endtime="20210411 20:21:26.709"/>
</kw>
<kw name="Wait Until Element Is Visible" library="SeleniumLibrary">
<arg>xpath=/html/body/div/div[2]/div/div[3]/div/div/div/div[2]/div[1]/span/img</arg>
<doc>Waits until the element ``locator`` is visible.</doc>
<status status="PASS" starttime="20210411 20:21:26.710" endtime="20210411 20:21:26.751"/>
</kw>
<kw name="Click Element" library="SeleniumLibrary">
<arg>xpath=//*[@id="header_logo"]/a/img</arg>
<doc>Click the element identified by ``locator``.</doc>
<msg timestamp="20210411 20:21:26.752" level="INFO">Clicking element 'xpath=//*[@id="header_logo"]/a/img'.</msg>
<status status="PASS" starttime="20210411 20:21:26.752" endtime="20210411 20:21:28.910"/>
</kw>
<status status="PASS" starttime="20210411 20:21:24.525" endtime="20210411 20:21:28.910"/>
</iter>
<status status="PASS" starttime="20210411 20:20:59.987" endtime="20210411 20:21:28.910"/>
</for>
<kw name="Close Browser" library="SeleniumLibrary">
<doc>Closes the current browser.</doc>
<status status="PASS" starttime="20210411 20:21:28.911" endtime="20210411 20:21:31.317"/>
</kw>
<status status="PASS" starttime="20210411 20:20:50.134" endtime="20210411 20:21:31.319"/>
</test>
<status status="PASS" starttime="20210411 20:20:49.651" endtime="20210411 20:21:31.326"/>
</suite>
<statistics>
<total>
<stat pass="1" fail="0" skip="0">All Tests</stat>
</total>
<tag>
</tag>
<suite>
<stat pass="1" fail="0" skip="0" id="s1" name="Selenium-autmation">Selenium-autmation</stat>
</suite>
</statistics>
<errors>
</errors>
</robot>
